{"C:\\Users\\qwe\\Desktop\\andela\\MY-BRAND-BACKEND\\index.js": {"path":"C:\\Users\\qwe\\Desktop\\andela\\MY-BRAND-BACKEND\\index.js","statementMap":{"0":{"start":{"line":9,"column":12},"end":{"line":9,"column":21}},"1":{"start":{"line":11,"column":0},"end":{"line":15,"column":2}},"2":{"start":{"line":17,"column":0},"end":{"line":17,"column":49}},"3":{"start":{"line":19,"column":0},"end":{"line":19,"column":29}},"4":{"start":{"line":20,"column":0},"end":{"line":20,"column":28}},"5":{"start":{"line":21,"column":0},"end":{"line":21,"column":38}},"6":{"start":{"line":22,"column":0},"end":{"line":22,"column":31}},"7":{"start":{"line":24,"column":0},"end":{"line":30,"column":3}},"8":{"start":{"line":25,"column":2},"end":{"line":29,"column":5}},"9":{"start":{"line":31,"column":13},"end":{"line":31,"column":37}},"10":{"start":{"line":32,"column":0},"end":{"line":32,"column":35}},"11":{"start":{"line":33,"column":0},"end":{"line":43,"column":5}},"12":{"start":{"line":38,"column":4},"end":{"line":38,"column":38}},"13":{"start":{"line":39,"column":4},"end":{"line":39,"column":48}},"14":{"start":{"line":42,"column":4},"end":{"line":42,"column":23}}},"fnMap":{"0":{"name":"(anonymous_0)","decl":{"start":{"line":24,"column":13},"end":{"line":24,"column":14}},"loc":{"start":{"line":24,"column":25},"end":{"line":30,"column":1}},"line":24},"1":{"name":"(anonymous_1)","decl":{"start":{"line":37,"column":8},"end":{"line":37,"column":9}},"loc":{"start":{"line":37,"column":14},"end":{"line":40,"column":3}},"line":37},"2":{"name":"(anonymous_2)","decl":{"start":{"line":41,"column":9},"end":{"line":41,"column":10}},"loc":{"start":{"line":41,"column":20},"end":{"line":43,"column":3}},"line":41}},"branchMap":{"0":{"loc":{"start":{"line":31,"column":13},"end":{"line":31,"column":37}},"type":"binary-expr","locations":[{"start":{"line":31,"column":13},"end":{"line":31,"column":29}},{"start":{"line":31,"column":33},"end":{"line":31,"column":37}}],"line":31}},"s":{"0":4,"1":4,"2":4,"3":4,"4":4,"5":4,"6":4,"7":4,"8":0,"9":4,"10":4,"11":4,"12":4,"13":4,"14":0},"f":{"0":0,"1":4,"2":0},"b":{"0":[4,0]},"_coverageSchema":"1a1c01bbd47fc00a2c39e90264f33305004495a9","hash":"3ccbd92d3204f563726696cafc3508cdebdf5245"}
,"C:\\Users\\qwe\\Desktop\\andela\\MY-BRAND-BACKEND\\src\\routes\\blog.routes.js": {"path":"C:\\Users\\qwe\\Desktop\\andela\\MY-BRAND-BACKEND\\src\\routes\\blog.routes.js","statementMap":{"0":{"start":{"line":18,"column":19},"end":{"line":18,"column":27}},"1":{"start":{"line":19,"column":16},"end":{"line":19,"column":38}},"2":{"start":{"line":20,"column":19},"end":{"line":26,"column":1}},"3":{"start":{"line":21,"column":2},"end":{"line":25,"column":3}},"4":{"start":{"line":22,"column":4},"end":{"line":22,"column":19}},"5":{"start":{"line":24,"column":4},"end":{"line":24,"column":36}},"6":{"start":{"line":27,"column":16},"end":{"line":27,"column":47}},"7":{"start":{"line":29,"column":0},"end":{"line":29,"column":38}},"8":{"start":{"line":30,"column":0},"end":{"line":34,"column":2}},"9":{"start":{"line":35,"column":0},"end":{"line":35,"column":40}},"10":{"start":{"line":36,"column":0},"end":{"line":40,"column":2}},"11":{"start":{"line":41,"column":0},"end":{"line":41,"column":67}},"12":{"start":{"line":42,"column":0},"end":{"line":42,"column":47}}},"fnMap":{"0":{"name":"(anonymous_0)","decl":{"start":{"line":20,"column":19},"end":{"line":20,"column":20}},"loc":{"start":{"line":20,"column":38},"end":{"line":26,"column":1}},"line":20}},"branchMap":{"0":{"loc":{"start":{"line":21,"column":2},"end":{"line":25,"column":3}},"type":"if","locations":[{"start":{"line":21,"column":2},"end":{"line":25,"column":3}},{"start":{"line":23,"column":9},"end":{"line":25,"column":3}}],"line":21}},"s":{"0":4,"1":4,"2":4,"3":1,"4":1,"5":0,"6":4,"7":4,"8":4,"9":4,"10":4,"11":4,"12":4},"f":{"0":1},"b":{"0":[1,0]},"_coverageSchema":"1a1c01bbd47fc00a2c39e90264f33305004495a9","hash":"d1772750448e2f8a6d121901bfa5bb0f0a60cf23"}
}
