{"C:\\Users\\qwe\\Desktop\\andela\\MY-BRAND-BACKEND\\index.js": {"path":"C:\\Users\\qwe\\Desktop\\andela\\MY-BRAND-BACKEND\\index.js","statementMap":{"0":{"start":{"line":9,"column":12},"end":{"line":9,"column":21}},"1":{"start":{"line":11,"column":0},"end":{"line":15,"column":2}},"2":{"start":{"line":17,"column":0},"end":{"line":17,"column":49}},"3":{"start":{"line":19,"column":0},"end":{"line":19,"column":29}},"4":{"start":{"line":20,"column":0},"end":{"line":20,"column":28}},"5":{"start":{"line":21,"column":0},"end":{"line":21,"column":38}},"6":{"start":{"line":22,"column":0},"end":{"line":22,"column":31}},"7":{"start":{"line":24,"column":0},"end":{"line":30,"column":3}},"8":{"start":{"line":25,"column":2},"end":{"line":29,"column":5}},"9":{"start":{"line":31,"column":13},"end":{"line":31,"column":37}},"10":{"start":{"line":32,"column":18},"end":{"line":32,"column":39}},"11":{"start":{"line":33,"column":0},"end":{"line":33,"column":35}},"12":{"start":{"line":34,"column":0},"end":{"line":44,"column":5}},"13":{"start":{"line":39,"column":4},"end":{"line":39,"column":38}},"14":{"start":{"line":40,"column":4},"end":{"line":40,"column":48}},"15":{"start":{"line":43,"column":4},"end":{"line":43,"column":23}}},"fnMap":{"0":{"name":"(anonymous_0)","decl":{"start":{"line":24,"column":13},"end":{"line":24,"column":14}},"loc":{"start":{"line":24,"column":25},"end":{"line":30,"column":1}},"line":24},"1":{"name":"(anonymous_1)","decl":{"start":{"line":38,"column":8},"end":{"line":38,"column":9}},"loc":{"start":{"line":38,"column":14},"end":{"line":41,"column":3}},"line":38},"2":{"name":"(anonymous_2)","decl":{"start":{"line":42,"column":9},"end":{"line":42,"column":10}},"loc":{"start":{"line":42,"column":20},"end":{"line":44,"column":3}},"line":42}},"branchMap":{"0":{"loc":{"start":{"line":31,"column":13},"end":{"line":31,"column":37}},"type":"binary-expr","locations":[{"start":{"line":31,"column":13},"end":{"line":31,"column":29}},{"start":{"line":31,"column":33},"end":{"line":31,"column":37}}],"line":31}},"s":{"0":5,"1":5,"2":5,"3":5,"4":5,"5":5,"6":5,"7":5,"8":0,"9":5,"10":5,"11":5,"12":5,"13":4,"14":4,"15":0},"f":{"0":0,"1":4,"2":0},"b":{"0":[5,0]},"_coverageSchema":"1a1c01bbd47fc00a2c39e90264f33305004495a9","hash":"2f81f6d575b608a5cbcdac2d5dcd6bc6eb829136"}
,"C:\\Users\\qwe\\Desktop\\andela\\MY-BRAND-BACKEND\\src\\controllers\\auth.controller.js": {"path":"C:\\Users\\qwe\\Desktop\\andela\\MY-BRAND-BACKEND\\src\\controllers\\auth.controller.js","statementMap":{"0":{"start":{"line":8,"column":22},"end":{"line":26,"column":1}},"1":{"start":{"line":9,"column":40},"end":{"line":9,"column":48}},"2":{"start":{"line":11,"column":2},"end":{"line":25,"column":3}},"3":{"start":{"line":12,"column":22},"end":{"line":12,"column":53}},"4":{"start":{"line":13,"column":4},"end":{"line":17,"column":5}},"5":{"start":{"line":14,"column":6},"end":{"line":16,"column":79}},"6":{"start":{"line":18,"column":20},"end":{"line":18,"column":73}},"7":{"start":{"line":20,"column":4},"end":{"line":20,"column":72}},"8":{"start":{"line":22,"column":4},"end":{"line":24,"column":74}},"9":{"start":{"line":38,"column":17},"end":{"line":57,"column":1}},"10":{"start":{"line":39,"column":2},"end":{"line":56,"column":3}},"11":{"start":{"line":41,"column":4},"end":{"line":43,"column":5}},"12":{"start":{"line":42,"column":6},"end":{"line":42,"column":63}},"13":{"start":{"line":46,"column":4},"end":{"line":48,"column":5}},"14":{"start":{"line":47,"column":6},"end":{"line":47,"column":60}},"15":{"start":{"line":50,"column":18},"end":{"line":50,"column":44}},"16":{"start":{"line":51,"column":4},"end":{"line":51,"column":70}},"17":{"start":{"line":53,"column":4},"end":{"line":55,"column":74}},"18":{"start":{"line":59,"column":14},"end":{"line":96,"column":1}},"19":{"start":{"line":60,"column":2},"end":{"line":95,"column":3}},"20":{"start":{"line":61,"column":32},"end":{"line":61,"column":40}},"21":{"start":{"line":62,"column":22},"end":{"line":62,"column":53}},"22":{"start":{"line":63,"column":4},"end":{"line":90,"column":5}},"23":{"start":{"line":64,"column":6},"end":{"line":68,"column":9}},"24":{"start":{"line":70,"column":22},"end":{"line":70,"column":63}},"25":{"start":{"line":71,"column":6},"end":{"line":89,"column":7}},"26":{"start":{"line":72,"column":8},"end":{"line":76,"column":11}},"27":{"start":{"line":78,"column":24},"end":{"line":83,"column":9}},"28":{"start":{"line":84,"column":24},"end":{"line":86,"column":9}},"29":{"start":{"line":87,"column":22},"end":{"line":87,"column":77}},"30":{"start":{"line":88,"column":8},"end":{"line":88,"column":75}},"31":{"start":{"line":92,"column":4},"end":{"line":94,"column":72}}},"fnMap":{"0":{"name":"(anonymous_0)","decl":{"start":{"line":8,"column":22},"end":{"line":8,"column":23}},"loc":{"start":{"line":8,"column":42},"end":{"line":26,"column":1}},"line":8},"1":{"name":"(anonymous_1)","decl":{"start":{"line":38,"column":17},"end":{"line":38,"column":18}},"loc":{"start":{"line":38,"column":37},"end":{"line":57,"column":1}},"line":38},"2":{"name":"(anonymous_2)","decl":{"start":{"line":59,"column":14},"end":{"line":59,"column":15}},"loc":{"start":{"line":59,"column":34},"end":{"line":96,"column":1}},"line":59}},"branchMap":{"0":{"loc":{"start":{"line":13,"column":4},"end":{"line":17,"column":5}},"type":"if","locations":[{"start":{"line":13,"column":4},"end":{"line":17,"column":5}},{"start":{},"end":{}}],"line":13},"1":{"loc":{"start":{"line":41,"column":4},"end":{"line":43,"column":5}},"type":"if","locations":[{"start":{"line":41,"column":4},"end":{"line":43,"column":5}},{"start":{},"end":{}}],"line":41},"2":{"loc":{"start":{"line":46,"column":4},"end":{"line":48,"column":5}},"type":"if","locations":[{"start":{"line":46,"column":4},"end":{"line":48,"column":5}},{"start":{},"end":{}}],"line":46},"3":{"loc":{"start":{"line":63,"column":4},"end":{"line":90,"column":5}},"type":"if","locations":[{"start":{"line":63,"column":4},"end":{"line":90,"column":5}},{"start":{"line":69,"column":11},"end":{"line":90,"column":5}}],"line":63},"4":{"loc":{"start":{"line":71,"column":6},"end":{"line":89,"column":7}},"type":"if","locations":[{"start":{"line":71,"column":6},"end":{"line":89,"column":7}},{"start":{"line":77,"column":13},"end":{"line":89,"column":7}}],"line":71}},"s":{"0":5,"1":0,"2":0,"3":0,"4":0,"5":0,"6":0,"7":0,"8":0,"9":5,"10":0,"11":0,"12":0,"13":0,"14":0,"15":0,"16":0,"17":0,"18":5,"19":5,"20":5,"21":5,"22":0,"23":0,"24":0,"25":0,"26":0,"27":0,"28":0,"29":0,"30":0,"31":5},"f":{"0":0,"1":0,"2":5},"b":{"0":[0,0],"1":[0,0],"2":[0,0],"3":[0,0],"4":[0,0]},"_coverageSchema":"1a1c01bbd47fc00a2c39e90264f33305004495a9","hash":"9e2ce3744178b2add4e3a4ef1ad2fe0ce7117c52"}
,"C:\\Users\\qwe\\Desktop\\andela\\MY-BRAND-BACKEND\\src\\controllers\\blog.controller.js": {"path":"C:\\Users\\qwe\\Desktop\\andela\\MY-BRAND-BACKEND\\src\\controllers\\blog.controller.js","statementMap":{"0":{"start":{"line":5,"column":20},"end":{"line":8,"column":1}},"1":{"start":{"line":6,"column":16},"end":{"line":6,"column":38}},"2":{"start":{"line":7,"column":2},"end":{"line":7,"column":25}},"3":{"start":{"line":10,"column":28},"end":{"line":28,"column":1}},"4":{"start":{"line":11,"column":15},"end":{"line":11,"column":38}},"5":{"start":{"line":12,"column":2},"end":{"line":12,"column":20}},"6":{"start":{"line":13,"column":2},"end":{"line":27,"column":3}},"7":{"start":{"line":14,"column":19},"end":{"line":17,"column":6}},"8":{"start":{"line":18,"column":4},"end":{"line":18,"column":28}},"9":{"start":{"line":19,"column":4},"end":{"line":19,"column":22}},"10":{"start":{"line":20,"column":4},"end":{"line":20,"column":19}},"11":{"start":{"line":22,"column":4},"end":{"line":25,"column":7}},"12":{"start":{"line":26,"column":4},"end":{"line":26,"column":64}},"13":{"start":{"line":30,"column":18},"end":{"line":41,"column":1}},"14":{"start":{"line":31,"column":2},"end":{"line":40,"column":3}},"15":{"start":{"line":32,"column":17},"end":{"line":32,"column":64}},"16":{"start":{"line":33,"column":4},"end":{"line":36,"column":5}},"17":{"start":{"line":34,"column":6},"end":{"line":34,"column":60}},"18":{"start":{"line":35,"column":6},"end":{"line":35,"column":13}},"19":{"start":{"line":37,"column":4},"end":{"line":37,"column":19}},"20":{"start":{"line":39,"column":4},"end":{"line":39,"column":61}},"21":{"start":{"line":43,"column":19},"end":{"line":71,"column":1}},"22":{"start":{"line":44,"column":2},"end":{"line":70,"column":3}},"23":{"start":{"line":45,"column":17},"end":{"line":45,"column":64}},"24":{"start":{"line":47,"column":4},"end":{"line":49,"column":5}},"25":{"start":{"line":48,"column":6},"end":{"line":48,"column":34}},"26":{"start":{"line":50,"column":4},"end":{"line":52,"column":5}},"27":{"start":{"line":51,"column":6},"end":{"line":51,"column":46}},"28":{"start":{"line":53,"column":4},"end":{"line":55,"column":5}},"29":{"start":{"line":54,"column":6},"end":{"line":54,"column":40}},"30":{"start":{"line":56,"column":4},"end":{"line":63,"column":5}},"31":{"start":{"line":57,"column":6},"end":{"line":57,"column":33}},"32":{"start":{"line":58,"column":21},"end":{"line":61,"column":8}},"33":{"start":{"line":62,"column":6},"end":{"line":62,"column":30}},"34":{"start":{"line":64,"column":4},"end":{"line":64,"column":22}},"35":{"start":{"line":65,"column":4},"end":{"line":65,"column":22}},"36":{"start":{"line":66,"column":4},"end":{"line":66,"column":19}},"37":{"start":{"line":68,"column":4},"end":{"line":68,"column":20}},"38":{"start":{"line":69,"column":4},"end":{"line":69,"column":46}},"39":{"start":{"line":73,"column":19},"end":{"line":84,"column":1}},"40":{"start":{"line":74,"column":2},"end":{"line":83,"column":3}},"41":{"start":{"line":75,"column":19},"end":{"line":75,"column":68}},"42":{"start":{"line":76,"column":4},"end":{"line":79,"column":5}},"43":{"start":{"line":77,"column":6},"end":{"line":77,"column":61}},"44":{"start":{"line":78,"column":6},"end":{"line":78,"column":13}},"45":{"start":{"line":80,"column":4},"end":{"line":80,"column":67}},"46":{"start":{"line":82,"column":4},"end":{"line":82,"column":61}},"47":{"start":{"line":107,"column":2},"end":{"line":133,"column":3}},"48":{"start":{"line":108,"column":4},"end":{"line":108,"column":49}},"49":{"start":{"line":109,"column":17},"end":{"line":109,"column":56}},"50":{"start":{"line":110,"column":4},"end":{"line":110,"column":31}},"51":{"start":{"line":111,"column":4},"end":{"line":113,"column":5}},"52":{"start":{"line":112,"column":6},"end":{"line":112,"column":52}},"53":{"start":{"line":115,"column":18},"end":{"line":118,"column":6}},"54":{"start":{"line":119,"column":4},"end":{"line":121,"column":5}},"55":{"start":{"line":120,"column":6},"end":{"line":120,"column":68}},"56":{"start":{"line":123,"column":17},"end":{"line":123,"column":79}},"57":{"start":{"line":124,"column":4},"end":{"line":124,"column":22}},"58":{"start":{"line":126,"column":4},"end":{"line":126,"column":22}},"59":{"start":{"line":127,"column":4},"end":{"line":127,"column":22}},"60":{"start":{"line":129,"column":4},"end":{"line":129,"column":42}},"61":{"start":{"line":131,"column":4},"end":{"line":131,"column":25}},"62":{"start":{"line":132,"column":4},"end":{"line":132,"column":41}}},"fnMap":{"0":{"name":"(anonymous_0)","decl":{"start":{"line":5,"column":20},"end":{"line":5,"column":21}},"loc":{"start":{"line":5,"column":40},"end":{"line":8,"column":1}},"line":5},"1":{"name":"(anonymous_1)","decl":{"start":{"line":10,"column":28},"end":{"line":10,"column":29}},"loc":{"start":{"line":10,"column":48},"end":{"line":28,"column":1}},"line":10},"2":{"name":"(anonymous_2)","decl":{"start":{"line":30,"column":18},"end":{"line":30,"column":19}},"loc":{"start":{"line":30,"column":38},"end":{"line":41,"column":1}},"line":30},"3":{"name":"(anonymous_3)","decl":{"start":{"line":43,"column":19},"end":{"line":43,"column":20}},"loc":{"start":{"line":43,"column":39},"end":{"line":71,"column":1}},"line":43},"4":{"name":"(anonymous_4)","decl":{"start":{"line":73,"column":19},"end":{"line":73,"column":20}},"loc":{"start":{"line":73,"column":39},"end":{"line":84,"column":1}},"line":73},"5":{"name":"toggleLike","decl":{"start":{"line":106,"column":22},"end":{"line":106,"column":32}},"loc":{"start":{"line":106,"column":43},"end":{"line":134,"column":1}},"line":106}},"branchMap":{"0":{"loc":{"start":{"line":33,"column":4},"end":{"line":36,"column":5}},"type":"if","locations":[{"start":{"line":33,"column":4},"end":{"line":36,"column":5}},{"start":{},"end":{}}],"line":33},"1":{"loc":{"start":{"line":47,"column":4},"end":{"line":49,"column":5}},"type":"if","locations":[{"start":{"line":47,"column":4},"end":{"line":49,"column":5}},{"start":{},"end":{}}],"line":47},"2":{"loc":{"start":{"line":50,"column":4},"end":{"line":52,"column":5}},"type":"if","locations":[{"start":{"line":50,"column":4},"end":{"line":52,"column":5}},{"start":{},"end":{}}],"line":50},"3":{"loc":{"start":{"line":53,"column":4},"end":{"line":55,"column":5}},"type":"if","locations":[{"start":{"line":53,"column":4},"end":{"line":55,"column":5}},{"start":{},"end":{}}],"line":53},"4":{"loc":{"start":{"line":56,"column":4},"end":{"line":63,"column":5}},"type":"if","locations":[{"start":{"line":56,"column":4},"end":{"line":63,"column":5}},{"start":{},"end":{}}],"line":56},"5":{"loc":{"start":{"line":76,"column":4},"end":{"line":79,"column":5}},"type":"if","locations":[{"start":{"line":76,"column":4},"end":{"line":79,"column":5}},{"start":{},"end":{}}],"line":76},"6":{"loc":{"start":{"line":111,"column":4},"end":{"line":113,"column":5}},"type":"if","locations":[{"start":{"line":111,"column":4},"end":{"line":113,"column":5}},{"start":{},"end":{}}],"line":111},"7":{"loc":{"start":{"line":119,"column":4},"end":{"line":121,"column":5}},"type":"if","locations":[{"start":{"line":119,"column":4},"end":{"line":121,"column":5}},{"start":{},"end":{}}],"line":119}},"s":{"0":5,"1":1,"2":1,"3":5,"4":0,"5":0,"6":0,"7":0,"8":0,"9":0,"10":0,"11":0,"12":0,"13":5,"14":2,"15":2,"16":0,"17":0,"18":0,"19":0,"20":2,"21":5,"22":0,"23":0,"24":0,"25":0,"26":0,"27":0,"28":0,"29":0,"30":0,"31":0,"32":0,"33":0,"34":0,"35":0,"36":0,"37":0,"38":0,"39":5,"40":0,"41":0,"42":0,"43":0,"44":0,"45":0,"46":0,"47":0,"48":0,"49":0,"50":0,"51":0,"52":0,"53":0,"54":0,"55":0,"56":0,"57":0,"58":0,"59":0,"60":0,"61":0,"62":0},"f":{"0":1,"1":0,"2":2,"3":0,"4":0,"5":0},"b":{"0":[0,0],"1":[0,0],"2":[0,0],"3":[0,0],"4":[0,0],"5":[0,0],"6":[0,0],"7":[0,0]},"_coverageSchema":"1a1c01bbd47fc00a2c39e90264f33305004495a9","hash":"64f020d89e5e91c98a020b0182b62d657c7e9971"}
,"C:\\Users\\qwe\\Desktop\\andela\\MY-BRAND-BACKEND\\src\\controllers\\comment.controller.js": {"path":"C:\\Users\\qwe\\Desktop\\andela\\MY-BRAND-BACKEND\\src\\controllers\\comment.controller.js","statementMap":{"0":{"start":{"line":4,"column":22},"end":{"line":26,"column":1}},"1":{"start":{"line":5,"column":17},"end":{"line":5,"column":30}},"2":{"start":{"line":6,"column":18},"end":{"line":10,"column":4}},"3":{"start":{"line":11,"column":2},"end":{"line":11,"column":22}},"4":{"start":{"line":12,"column":15},"end":{"line":12,"column":40}},"5":{"start":{"line":13,"column":2},"end":{"line":25,"column":66}},"6":{"start":{"line":14,"column":4},"end":{"line":24,"column":8}},"7":{"start":{"line":17,"column":8},"end":{"line":19,"column":11}},"8":{"start":{"line":20,"column":8},"end":{"line":20,"column":55}},"9":{"start":{"line":23,"column":8},"end":{"line":23,"column":74}},"10":{"start":{"line":25,"column":9},"end":{"line":25,"column":66}},"11":{"start":{"line":46,"column":2},"end":{"line":57,"column":3}},"12":{"start":{"line":47,"column":19},"end":{"line":47,"column":32}},"13":{"start":{"line":48,"column":17},"end":{"line":48,"column":78}},"14":{"start":{"line":49,"column":4},"end":{"line":51,"column":5}},"15":{"start":{"line":50,"column":6},"end":{"line":50,"column":65}},"16":{"start":{"line":52,"column":21},"end":{"line":52,"column":34}},"17":{"start":{"line":53,"column":4},"end":{"line":53,"column":56}},"18":{"start":{"line":55,"column":4},"end":{"line":55,"column":25}},"19":{"start":{"line":56,"column":4},"end":{"line":56,"column":54}}},"fnMap":{"0":{"name":"(anonymous_0)","decl":{"start":{"line":4,"column":22},"end":{"line":4,"column":23}},"loc":{"start":{"line":4,"column":42},"end":{"line":26,"column":1}},"line":4},"1":{"name":"(anonymous_1)","decl":{"start":{"line":16,"column":12},"end":{"line":16,"column":13}},"loc":{"start":{"line":16,"column":28},"end":{"line":21,"column":7}},"line":16},"2":{"name":"(anonymous_2)","decl":{"start":{"line":22,"column":13},"end":{"line":22,"column":14}},"loc":{"start":{"line":23,"column":8},"end":{"line":23,"column":74}},"line":23},"3":{"name":"getCommentsByBlogId","decl":{"start":{"line":45,"column":22},"end":{"line":45,"column":41}},"loc":{"start":{"line":45,"column":52},"end":{"line":58,"column":1}},"line":45}},"branchMap":{"0":{"loc":{"start":{"line":13,"column":2},"end":{"line":25,"column":66}},"type":"if","locations":[{"start":{"line":13,"column":2},"end":{"line":25,"column":66}},{"start":{"line":25,"column":9},"end":{"line":25,"column":66}}],"line":13},"1":{"loc":{"start":{"line":49,"column":4},"end":{"line":51,"column":5}},"type":"if","locations":[{"start":{"line":49,"column":4},"end":{"line":51,"column":5}},{"start":{},"end":{}}],"line":49}},"s":{"0":5,"1":1,"2":1,"3":1,"4":1,"5":1,"6":1,"7":1,"8":1,"9":0,"10":0,"11":0,"12":0,"13":0,"14":0,"15":0,"16":0,"17":0,"18":0,"19":0},"f":{"0":1,"1":1,"2":0,"3":0},"b":{"0":[1,0],"1":[0,0]},"_coverageSchema":"1a1c01bbd47fc00a2c39e90264f33305004495a9","hash":"ffd8118a19aca72d730e8a84fa6695d79910c286"}
,"C:\\Users\\qwe\\Desktop\\andela\\MY-BRAND-BACKEND\\src\\controllers\\query.controller.js": {"path":"C:\\Users\\qwe\\Desktop\\andela\\MY-BRAND-BACKEND\\src\\controllers\\query.controller.js","statementMap":{"0":{"start":{"line":3,"column":22},"end":{"line":6,"column":1}},"1":{"start":{"line":4,"column":18},"end":{"line":4,"column":41}},"2":{"start":{"line":5,"column":2},"end":{"line":5,"column":20}},"3":{"start":{"line":8,"column":20},"end":{"line":16,"column":1}},"4":{"start":{"line":9,"column":16},"end":{"line":13,"column":4}},"5":{"start":{"line":14,"column":2},"end":{"line":14,"column":21}},"6":{"start":{"line":15,"column":2},"end":{"line":15,"column":18}}},"fnMap":{"0":{"name":"(anonymous_0)","decl":{"start":{"line":3,"column":22},"end":{"line":3,"column":23}},"loc":{"start":{"line":3,"column":42},"end":{"line":6,"column":1}},"line":3},"1":{"name":"(anonymous_1)","decl":{"start":{"line":8,"column":20},"end":{"line":8,"column":21}},"loc":{"start":{"line":8,"column":40},"end":{"line":16,"column":1}},"line":8}},"branchMap":{},"s":{"0":5,"1":0,"2":0,"3":5,"4":1,"5":1,"6":1},"f":{"0":0,"1":1},"b":{},"_coverageSchema":"1a1c01bbd47fc00a2c39e90264f33305004495a9","hash":"85aed789c47995d518740314473fba6d6b4b6860"}
,"C:\\Users\\qwe\\Desktop\\andela\\MY-BRAND-BACKEND\\src\\imageUpload\\imageUpload.js": {"path":"C:\\Users\\qwe\\Desktop\\andela\\MY-BRAND-BACKEND\\src\\imageUpload\\imageUpload.js","statementMap":{"0":{"start":{"line":3,"column":0},"end":{"line":3,"column":16}},"1":{"start":{"line":5,"column":0},"end":{"line":9,"column":3}}},"fnMap":{},"branchMap":{},"s":{"0":5,"1":5},"f":{},"b":{},"_coverageSchema":"1a1c01bbd47fc00a2c39e90264f33305004495a9","hash":"e6553c5da16a97d72d6c7f09432d75725ba02717"}
,"C:\\Users\\qwe\\Desktop\\andela\\MY-BRAND-BACKEND\\src\\middleware\\authentication\\auth.middleware.js": {"path":"C:\\Users\\qwe\\Desktop\\andela\\MY-BRAND-BACKEND\\src\\middleware\\authentication\\auth.middleware.js","statementMap":{"0":{"start":{"line":4,"column":19},"end":{"line":35,"column":1}},"1":{"start":{"line":5,"column":2},"end":{"line":34,"column":3}},"2":{"start":{"line":6,"column":18},"end":{"line":6,"column":57}},"3":{"start":{"line":7,"column":4},"end":{"line":27,"column":5}},"4":{"start":{"line":8,"column":26},"end":{"line":8,"column":72}},"5":{"start":{"line":9,"column":6},"end":{"line":9,"column":42}},"6":{"start":{"line":10,"column":26},"end":{"line":10,"column":69}},"7":{"start":{"line":11,"column":6},"end":{"line":20,"column":7}},"8":{"start":{"line":12,"column":8},"end":{"line":16,"column":11}},"9":{"start":{"line":18,"column":8},"end":{"line":18,"column":31}},"10":{"start":{"line":19,"column":8},"end":{"line":19,"column":15}},"11":{"start":{"line":22,"column":6},"end":{"line":26,"column":9}},"12":{"start":{"line":29,"column":4},"end":{"line":33,"column":7}},"13":{"start":{"line":36,"column":16},"end":{"line":57,"column":1}},"14":{"start":{"line":37,"column":2},"end":{"line":56,"column":3}},"15":{"start":{"line":38,"column":4},"end":{"line":49,"column":5}},"16":{"start":{"line":39,"column":19},"end":{"line":39,"column":27}},"17":{"start":{"line":40,"column":6},"end":{"line":40,"column":32}},"18":{"start":{"line":42,"column":6},"end":{"line":42,"column":13}},"19":{"start":{"line":44,"column":6},"end":{"line":48,"column":9}},"20":{"start":{"line":51,"column":4},"end":{"line":55,"column":7}}},"fnMap":{"0":{"name":"(anonymous_0)","decl":{"start":{"line":4,"column":19},"end":{"line":4,"column":20}},"loc":{"start":{"line":4,"column":45},"end":{"line":35,"column":1}},"line":4},"1":{"name":"(anonymous_1)","decl":{"start":{"line":36,"column":16},"end":{"line":36,"column":17}},"loc":{"start":{"line":36,"column":36},"end":{"line":57,"column":1}},"line":36}},"branchMap":{"0":{"loc":{"start":{"line":5,"column":2},"end":{"line":34,"column":3}},"type":"if","locations":[{"start":{"line":5,"column":2},"end":{"line":34,"column":3}},{"start":{"line":28,"column":9},"end":{"line":34,"column":3}}],"line":5},"1":{"loc":{"start":{"line":11,"column":6},"end":{"line":20,"column":7}},"type":"if","locations":[{"start":{"line":11,"column":6},"end":{"line":20,"column":7}},{"start":{"line":17,"column":13},"end":{"line":20,"column":7}}],"line":11},"2":{"loc":{"start":{"line":38,"column":4},"end":{"line":49,"column":5}},"type":"if","locations":[{"start":{"line":38,"column":4},"end":{"line":49,"column":5}},{"start":{"line":43,"column":11},"end":{"line":49,"column":5}}],"line":38}},"s":{"0":5,"1":10,"2":9,"3":9,"4":9,"5":0,"6":0,"7":0,"8":0,"9":0,"10":0,"11":9,"12":1,"13":5,"14":0,"15":0,"16":0,"17":0,"18":0,"19":0,"20":0},"f":{"0":10,"1":0},"b":{"0":[9,1],"1":[0,0],"2":[0,0]},"_coverageSchema":"1a1c01bbd47fc00a2c39e90264f33305004495a9","hash":"bde4256fae2c8646043b59308cc5fe8518050412"}
,"C:\\Users\\qwe\\Desktop\\andela\\MY-BRAND-BACKEND\\src\\middleware\\validation\\validation.js": {"path":"C:\\Users\\qwe\\Desktop\\andela\\MY-BRAND-BACKEND\\src\\middleware\\validation\\validation.js","statementMap":{"0":{"start":{"line":3,"column":27},"end":{"line":7,"column":2}},"1":{"start":{"line":8,"column":22},"end":{"line":12,"column":2}},"2":{"start":{"line":13,"column":27},"end":{"line":18,"column":2}},"3":{"start":{"line":19,"column":23},"end":{"line":23,"column":2}}},"fnMap":{},"branchMap":{},"s":{"0":5,"1":5,"2":5,"3":5},"f":{},"b":{},"_coverageSchema":"1a1c01bbd47fc00a2c39e90264f33305004495a9","hash":"204c5d752f28232b8452c76a52f27e3d888c4da7"}
,"C:\\Users\\qwe\\Desktop\\andela\\MY-BRAND-BACKEND\\src\\middleware\\validation\\validation.middleware.js": {"path":"C:\\Users\\qwe\\Desktop\\andela\\MY-BRAND-BACKEND\\src\\middleware\\validation\\validation.middleware.js","statementMap":{"0":{"start":{"line":1,"column":17},"end":{"line":8,"column":1}},"1":{"start":{"line":1,"column":29},"end":{"line":8,"column":1}},"2":{"start":{"line":2,"column":20},"end":{"line":2,"column":45}},"3":{"start":{"line":3,"column":2},"end":{"line":7,"column":3}},"4":{"start":{"line":4,"column":4},"end":{"line":4,"column":71}},"5":{"start":{"line":6,"column":4},"end":{"line":6,"column":11}}},"fnMap":{"0":{"name":"(anonymous_0)","decl":{"start":{"line":1,"column":17},"end":{"line":1,"column":18}},"loc":{"start":{"line":1,"column":29},"end":{"line":8,"column":1}},"line":1},"1":{"name":"(anonymous_1)","decl":{"start":{"line":1,"column":29},"end":{"line":1,"column":30}},"loc":{"start":{"line":1,"column":49},"end":{"line":8,"column":1}},"line":1}},"branchMap":{"0":{"loc":{"start":{"line":3,"column":2},"end":{"line":7,"column":3}},"type":"if","locations":[{"start":{"line":3,"column":2},"end":{"line":7,"column":3}},{"start":{"line":5,"column":9},"end":{"line":7,"column":3}}],"line":3}},"s":{"0":5,"1":20,"2":2,"3":2,"4":0,"5":2},"f":{"0":20,"1":2},"b":{"0":[0,2]},"_coverageSchema":"1a1c01bbd47fc00a2c39e90264f33305004495a9","hash":"c915e32a895f9b7e9d2159388ce0b447977cbcfc"}
,"C:\\Users\\qwe\\Desktop\\andela\\MY-BRAND-BACKEND\\src\\models\\Blogs.model.js": {"path":"C:\\Users\\qwe\\Desktop\\andela\\MY-BRAND-BACKEND\\src\\models\\Blogs.model.js","statementMap":{"0":{"start":{"line":3,"column":15},"end":{"line":30,"column":1}},"1":{"start":{"line":32,"column":18},"end":{"line":32,"column":48}}},"fnMap":{},"branchMap":{},"s":{"0":5,"1":5},"f":{},"b":{},"_coverageSchema":"1a1c01bbd47fc00a2c39e90264f33305004495a9","hash":"811dda62b1bbfd7cbd765364fc1444cbeed1470d"}
,"C:\\Users\\qwe\\Desktop\\andela\\MY-BRAND-BACKEND\\src\\models\\blogLike.model.js": {"path":"C:\\Users\\qwe\\Desktop\\andela\\MY-BRAND-BACKEND\\src\\models\\blogLike.model.js","statementMap":{"0":{"start":{"line":3,"column":19},"end":{"line":13,"column":2}},"1":{"start":{"line":15,"column":17},"end":{"line":15,"column":55}}},"fnMap":{},"branchMap":{},"s":{"0":5,"1":5},"f":{},"b":{},"_coverageSchema":"1a1c01bbd47fc00a2c39e90264f33305004495a9","hash":"a21c32dfa1c5051c702c28c24ea2df3f854a0e16"}
,"C:\\Users\\qwe\\Desktop\\andela\\MY-BRAND-BACKEND\\src\\models\\comments.model.js": {"path":"C:\\Users\\qwe\\Desktop\\andela\\MY-BRAND-BACKEND\\src\\models\\comments.model.js","statementMap":{"0":{"start":{"line":3,"column":22},"end":{"line":17,"column":1}},"1":{"start":{"line":19,"column":16},"end":{"line":19,"column":56}}},"fnMap":{},"branchMap":{},"s":{"0":5,"1":5},"f":{},"b":{},"_coverageSchema":"1a1c01bbd47fc00a2c39e90264f33305004495a9","hash":"6396969a31a8d68b3a4dec6f8b39bec00b9f9068"}
,"C:\\Users\\qwe\\Desktop\\andela\\MY-BRAND-BACKEND\\src\\models\\queries.model.js": {"path":"C:\\Users\\qwe\\Desktop\\andela\\MY-BRAND-BACKEND\\src\\models\\queries.model.js","statementMap":{"0":{"start":{"line":3,"column":15},"end":{"line":21,"column":1}},"1":{"start":{"line":23,"column":19},"end":{"line":23,"column":50}}},"fnMap":{},"branchMap":{},"s":{"0":5,"1":5},"f":{},"b":{},"_coverageSchema":"1a1c01bbd47fc00a2c39e90264f33305004495a9","hash":"bc41a5a1020a38eb3af30e5652371b568e69006d"}
,"C:\\Users\\qwe\\Desktop\\andela\\MY-BRAND-BACKEND\\src\\models\\users.model.js": {"path":"C:\\Users\\qwe\\Desktop\\andela\\MY-BRAND-BACKEND\\src\\models\\users.model.js","statementMap":{"0":{"start":{"line":4,"column":15},"end":{"line":26,"column":1}},"1":{"start":{"line":27,"column":0},"end":{"line":36,"column":3}},"2":{"start":{"line":28,"column":2},"end":{"line":35,"column":3}},"3":{"start":{"line":29,"column":4},"end":{"line":34,"column":7}},"4":{"start":{"line":30,"column":6},"end":{"line":30,"column":32}},"5":{"start":{"line":30,"column":15},"end":{"line":30,"column":32}},"6":{"start":{"line":32,"column":6},"end":{"line":32,"column":27}},"7":{"start":{"line":33,"column":6},"end":{"line":33,"column":13}},"8":{"start":{"line":38,"column":0},"end":{"line":46,"column":2}},"9":{"start":{"line":39,"column":2},"end":{"line":39,"column":76}},"10":{"start":{"line":39,"column":17},"end":{"line":39,"column":76}},"11":{"start":{"line":40,"column":2},"end":{"line":45,"column":3}},"12":{"start":{"line":41,"column":19},"end":{"line":41,"column":64}},"13":{"start":{"line":42,"column":4},"end":{"line":42,"column":18}},"14":{"start":{"line":44,"column":4},"end":{"line":44,"column":71}},"15":{"start":{"line":48,"column":0},"end":{"line":58,"column":2}},"16":{"start":{"line":49,"column":2},"end":{"line":49,"column":47}},"17":{"start":{"line":49,"column":14},"end":{"line":49,"column":47}},"18":{"start":{"line":50,"column":2},"end":{"line":57,"column":3}},"19":{"start":{"line":51,"column":17},"end":{"line":51,"column":46}},"20":{"start":{"line":52,"column":4},"end":{"line":52,"column":27}},"21":{"start":{"line":52,"column":14},"end":{"line":52,"column":27}},"22":{"start":{"line":53,"column":4},"end":{"line":53,"column":16}},"23":{"start":{"line":55,"column":4},"end":{"line":55,"column":73}},"24":{"start":{"line":56,"column":4},"end":{"line":56,"column":17}},"25":{"start":{"line":60,"column":18},"end":{"line":60,"column":48}}},"fnMap":{"0":{"name":"(anonymous_0)","decl":{"start":{"line":27,"column":19},"end":{"line":27,"column":20}},"loc":{"start":{"line":27,"column":35},"end":{"line":36,"column":1}},"line":27},"1":{"name":"(anonymous_1)","decl":{"start":{"line":29,"column":35},"end":{"line":29,"column":36}},"loc":{"start":{"line":29,"column":50},"end":{"line":34,"column":5}},"line":29},"2":{"name":"(anonymous_2)","decl":{"start":{"line":38,"column":33},"end":{"line":38,"column":34}},"loc":{"start":{"line":38,"column":59},"end":{"line":46,"column":1}},"line":38},"3":{"name":"(anonymous_3)","decl":{"start":{"line":48,"column":34},"end":{"line":48,"column":35}},"loc":{"start":{"line":48,"column":57},"end":{"line":58,"column":1}},"line":48}},"branchMap":{"0":{"loc":{"start":{"line":28,"column":2},"end":{"line":35,"column":3}},"type":"if","locations":[{"start":{"line":28,"column":2},"end":{"line":35,"column":3}},{"start":{},"end":{}}],"line":28},"1":{"loc":{"start":{"line":30,"column":6},"end":{"line":30,"column":32}},"type":"if","locations":[{"start":{"line":30,"column":6},"end":{"line":30,"column":32}},{"start":{},"end":{}}],"line":30},"2":{"loc":{"start":{"line":39,"column":2},"end":{"line":39,"column":76}},"type":"if","locations":[{"start":{"line":39,"column":2},"end":{"line":39,"column":76}},{"start":{},"end":{}}],"line":39},"3":{"loc":{"start":{"line":49,"column":2},"end":{"line":49,"column":47}},"type":"if","locations":[{"start":{"line":49,"column":2},"end":{"line":49,"column":47}},{"start":{},"end":{}}],"line":49},"4":{"loc":{"start":{"line":52,"column":4},"end":{"line":52,"column":27}},"type":"if","locations":[{"start":{"line":52,"column":4},"end":{"line":52,"column":27}},{"start":{},"end":{}}],"line":52}},"s":{"0":5,"1":5,"2":0,"3":0,"4":0,"5":0,"6":0,"7":0,"8":5,"9":0,"10":0,"11":0,"12":0,"13":0,"14":0,"15":5,"16":0,"17":0,"18":0,"19":0,"20":0,"21":0,"22":0,"23":0,"24":0,"25":5},"f":{"0":0,"1":0,"2":0,"3":0},"b":{"0":[0,0],"1":[0,0],"2":[0,0],"3":[0,0],"4":[0,0]},"_coverageSchema":"1a1c01bbd47fc00a2c39e90264f33305004495a9","hash":"6c66c561045dc2c614930383d22a2fac28731b50"}
,"C:\\Users\\qwe\\Desktop\\andela\\MY-BRAND-BACKEND\\src\\routes\\auth.routes.js": {"path":"C:\\Users\\qwe\\Desktop\\andela\\MY-BRAND-BACKEND\\src\\routes\\auth.routes.js","statementMap":{"0":{"start":{"line":14,"column":29},"end":{"line":14,"column":37}},"1":{"start":{"line":16,"column":0},"end":{"line":20,"column":2}},"2":{"start":{"line":21,"column":0},"end":{"line":21,"column":72}},"3":{"start":{"line":22,"column":0},"end":{"line":22,"column":43}}},"fnMap":{},"branchMap":{},"s":{"0":5,"1":5,"2":5,"3":5},"f":{},"b":{},"_coverageSchema":"1a1c01bbd47fc00a2c39e90264f33305004495a9","hash":"7b341f57a0d627142d8436ab7708f03c08f45218"}
,"C:\\Users\\qwe\\Desktop\\andela\\MY-BRAND-BACKEND\\src\\routes\\blog.routes.js": {"path":"C:\\Users\\qwe\\Desktop\\andela\\MY-BRAND-BACKEND\\src\\routes\\blog.routes.js","statementMap":{"0":{"start":{"line":18,"column":19},"end":{"line":18,"column":27}},"1":{"start":{"line":19,"column":16},"end":{"line":19,"column":38}},"2":{"start":{"line":20,"column":19},"end":{"line":26,"column":1}},"3":{"start":{"line":21,"column":2},"end":{"line":25,"column":3}},"4":{"start":{"line":22,"column":4},"end":{"line":22,"column":19}},"5":{"start":{"line":24,"column":4},"end":{"line":24,"column":36}},"6":{"start":{"line":27,"column":16},"end":{"line":27,"column":47}},"7":{"start":{"line":29,"column":0},"end":{"line":29,"column":38}},"8":{"start":{"line":30,"column":0},"end":{"line":34,"column":2}},"9":{"start":{"line":35,"column":0},"end":{"line":35,"column":40}},"10":{"start":{"line":36,"column":0},"end":{"line":40,"column":2}},"11":{"start":{"line":41,"column":0},"end":{"line":41,"column":67}},"12":{"start":{"line":42,"column":0},"end":{"line":42,"column":59}}},"fnMap":{"0":{"name":"(anonymous_0)","decl":{"start":{"line":20,"column":19},"end":{"line":20,"column":20}},"loc":{"start":{"line":20,"column":38},"end":{"line":26,"column":1}},"line":20}},"branchMap":{"0":{"loc":{"start":{"line":21,"column":2},"end":{"line":25,"column":3}},"type":"if","locations":[{"start":{"line":21,"column":2},"end":{"line":25,"column":3}},{"start":{"line":23,"column":9},"end":{"line":25,"column":3}}],"line":21}},"s":{"0":5,"1":5,"2":5,"3":0,"4":0,"5":0,"6":5,"7":5,"8":5,"9":5,"10":5,"11":5,"12":5},"f":{"0":0},"b":{"0":[0,0]},"_coverageSchema":"1a1c01bbd47fc00a2c39e90264f33305004495a9","hash":"70d0c6402dda6b0c4884b16b4a057d94e27d2a2d"}
,"C:\\Users\\qwe\\Desktop\\andela\\MY-BRAND-BACKEND\\src\\routes\\comments.routes.js": {"path":"C:\\Users\\qwe\\Desktop\\andela\\MY-BRAND-BACKEND\\src\\routes\\comments.routes.js","statementMap":{"0":{"start":{"line":10,"column":22},"end":{"line":10,"column":30}},"1":{"start":{"line":12,"column":0},"end":{"line":16,"column":2}},"2":{"start":{"line":18,"column":0},"end":{"line":18,"column":74}}},"fnMap":{},"branchMap":{},"s":{"0":5,"1":5,"2":5},"f":{},"b":{},"_coverageSchema":"1a1c01bbd47fc00a2c39e90264f33305004495a9","hash":"13437a10b741fc3753ceecb20fc7869a02e660b4"}
,"C:\\Users\\qwe\\Desktop\\andela\\MY-BRAND-BACKEND\\src\\routes\\queries.routes.js": {"path":"C:\\Users\\qwe\\Desktop\\andela\\MY-BRAND-BACKEND\\src\\routes\\queries.routes.js","statementMap":{"0":{"start":{"line":10,"column":20},"end":{"line":10,"column":28}},"1":{"start":{"line":12,"column":0},"end":{"line":12,"column":67}},"2":{"start":{"line":13,"column":0},"end":{"line":13,"column":68}}},"fnMap":{},"branchMap":{},"s":{"0":5,"1":5,"2":5},"f":{},"b":{},"_coverageSchema":"1a1c01bbd47fc00a2c39e90264f33305004495a9","hash":"72676972e913d45452eb4cf8c50e928c1f5d6f87"}
,"C:\\Users\\qwe\\Desktop\\andela\\MY-BRAND-BACKEND\\src\\services\\auth.service.js": {"path":"C:\\Users\\qwe\\Desktop\\andela\\MY-BRAND-BACKEND\\src\\services\\auth.service.js","statementMap":{"0":{"start":{"line":3,"column":27},"end":{"line":6,"column":1}},"1":{"start":{"line":4,"column":29},"end":{"line":4,"column":70}},"2":{"start":{"line":5,"column":2},"end":{"line":5,"column":28}},"3":{"start":{"line":8,"column":29},"end":{"line":21,"column":1}},"4":{"start":{"line":9,"column":31},"end":{"line":13,"column":4}},"5":{"start":{"line":14,"column":2},"end":{"line":14,"column":36}},"6":{"start":{"line":15,"column":19},"end":{"line":18,"column":3}},"7":{"start":{"line":20,"column":2},"end":{"line":20,"column":18}},"8":{"start":{"line":23,"column":27},"end":{"line":26,"column":1}},"9":{"start":{"line":24,"column":26},"end":{"line":24,"column":48}},"10":{"start":{"line":25,"column":2},"end":{"line":25,"column":25}}},"fnMap":{"0":{"name":"(anonymous_0)","decl":{"start":{"line":3,"column":27},"end":{"line":3,"column":28}},"loc":{"start":{"line":3,"column":44},"end":{"line":6,"column":1}},"line":3},"1":{"name":"(anonymous_1)","decl":{"start":{"line":8,"column":29},"end":{"line":8,"column":30}},"loc":{"start":{"line":8,"column":66},"end":{"line":21,"column":1}},"line":8},"2":{"name":"(anonymous_2)","decl":{"start":{"line":23,"column":27},"end":{"line":23,"column":28}},"loc":{"start":{"line":23,"column":39},"end":{"line":26,"column":1}},"line":23}},"branchMap":{},"s":{"0":5,"1":5,"2":0,"3":5,"4":0,"5":0,"6":0,"7":0,"8":5,"9":0,"10":0},"f":{"0":5,"1":0,"2":0},"b":{},"_coverageSchema":"1a1c01bbd47fc00a2c39e90264f33305004495a9","hash":"0fecc2379de1549508309aa02a541ab9913a2341"}
}
