TN:
SF:index.js
FN:24,(anonymous_0)
FN:37,(anonymous_1)
FN:41,(anonymous_2)
FNF:3
FNH:1
FNDA:0,(anonymous_0)
FNDA:5,(anonymous_1)
FNDA:0,(anonymous_2)
DA:9,5
DA:11,5
DA:17,5
DA:19,5
DA:20,5
DA:21,5
DA:22,5
DA:24,5
DA:25,0
DA:31,5
DA:32,5
DA:33,5
DA:38,5
DA:39,5
DA:42,0
LF:15
LH:13
BRDA:31,0,0,5
BRDA:31,0,1,0
BRF:2
BRH:1
end_of_record
TN:
SF:src\controllers\auth.controller.js
FN:8,(anonymous_0)
FN:38,(anonymous_1)
FN:59,(anonymous_2)
FNF:3
FNH:2
FNDA:0,(anonymous_0)
FNDA:1,(anonymous_1)
FNDA:5,(anonymous_2)
DA:8,5
DA:9,0
DA:11,0
DA:12,0
DA:13,0
DA:14,0
DA:18,0
DA:20,0
DA:22,0
DA:38,5
DA:39,1
DA:41,1
DA:42,0
DA:46,1
DA:47,0
DA:50,1
DA:51,1
DA:53,0
DA:59,5
DA:60,5
DA:61,5
DA:62,5
DA:63,5
DA:64,0
DA:70,5
DA:71,5
DA:72,0
DA:78,5
DA:84,5
DA:87,5
DA:88,5
DA:92,0
LF:32
LH:18
BRDA:13,0,0,0
BRDA:13,0,1,0
BRDA:41,1,0,0
BRDA:41,1,1,1
BRDA:46,2,0,0
BRDA:46,2,1,1
BRDA:63,3,0,0
BRDA:63,3,1,5
BRDA:71,4,0,0
BRDA:71,4,1,5
BRF:10
BRH:4
end_of_record
TN:
SF:src\controllers\blog.controller.js
FN:5,(anonymous_0)
FN:10,(anonymous_1)
FN:30,(anonymous_2)
FN:43,(anonymous_3)
FN:73,(anonymous_4)
FN:106,toggleLike
FNF:6
FNH:6
FNDA:1,(anonymous_0)
FNDA:1,(anonymous_1)
FNDA:2,(anonymous_2)
FNDA:2,(anonymous_3)
FNDA:2,(anonymous_4)
FNDA:1,toggleLike
DA:5,5
DA:6,1
DA:7,1
DA:10,5
DA:11,1
DA:12,1
DA:13,1
DA:14,1
DA:18,1
DA:19,1
DA:20,1
DA:22,0
DA:26,0
DA:30,5
DA:31,2
DA:32,2
DA:33,1
DA:34,0
DA:35,0
DA:37,1
DA:39,1
DA:43,5
DA:44,2
DA:45,2
DA:47,1
DA:48,1
DA:50,1
DA:51,0
DA:53,1
DA:54,0
DA:56,1
DA:57,0
DA:58,0
DA:62,0
DA:64,1
DA:65,1
DA:66,1
DA:68,1
DA:69,1
DA:73,5
DA:74,2
DA:75,2
DA:76,1
DA:77,0
DA:78,0
DA:80,1
DA:82,1
DA:107,1
DA:108,1
DA:109,1
DA:110,1
DA:111,1
DA:112,0
DA:115,1
DA:119,1
DA:120,1
DA:123,0
DA:124,0
DA:126,0
DA:127,0
DA:129,0
DA:131,0
DA:132,0
LF:63
LH:44
BRDA:33,0,0,0
BRDA:33,0,1,1
BRDA:47,1,0,1
BRDA:47,1,1,0
BRDA:50,2,0,0
BRDA:50,2,1,1
BRDA:53,3,0,0
BRDA:53,3,1,1
BRDA:56,4,0,0
BRDA:56,4,1,1
BRDA:76,5,0,0
BRDA:76,5,1,1
BRDA:111,6,0,0
BRDA:111,6,1,1
BRDA:119,7,0,1
BRDA:119,7,1,0
BRF:16
BRH:8
end_of_record
TN:
SF:src\controllers\comment.controller.js
FN:4,(anonymous_0)
FN:16,(anonymous_1)
FN:22,(anonymous_2)
FN:45,getCommentsByBlogId
FNF:4
FNH:3
FNDA:1,(anonymous_0)
FNDA:1,(anonymous_1)
FNDA:0,(anonymous_2)
FNDA:1,getCommentsByBlogId
DA:4,5
DA:5,1
DA:6,1
DA:11,1
DA:12,1
DA:13,1
DA:14,1
DA:17,1
DA:20,1
DA:23,0
DA:25,0
DA:46,1
DA:47,1
DA:48,1
DA:49,1
DA:50,0
DA:52,1
DA:53,1
DA:55,0
DA:56,0
LF:20
LH:15
BRDA:13,0,0,1
BRDA:13,0,1,0
BRDA:49,1,0,0
BRDA:49,1,1,1
BRF:4
BRH:2
end_of_record
TN:
SF:src\controllers\query.controller.js
FN:3,(anonymous_0)
FN:8,(anonymous_1)
FNF:2
FNH:2
FNDA:1,(anonymous_0)
FNDA:1,(anonymous_1)
DA:3,5
DA:4,1
DA:5,1
DA:8,5
DA:9,1
DA:14,1
DA:15,1
LF:7
LH:7
BRF:0
BRH:0
end_of_record
TN:
SF:src\imageUpload\imageUpload.js
FNF:0
FNH:0
DA:3,5
DA:5,5
LF:2
LH:2
BRF:0
BRH:0
end_of_record
TN:
SF:src\middleware\authentication\auth.middleware.js
FN:4,(anonymous_0)
FN:36,(anonymous_1)
FNF:2
FNH:2
FNDA:10,(anonymous_0)
FNDA:7,(anonymous_1)
DA:4,5
DA:5,10
DA:6,9
DA:7,9
DA:8,9
DA:9,9
DA:10,9
DA:11,9
DA:12,0
DA:18,9
DA:19,9
DA:22,0
DA:29,1
DA:36,5
DA:37,7
DA:38,7
DA:39,7
DA:40,7
DA:42,7
DA:44,0
DA:51,0
LF:21
LH:17
BRDA:5,0,0,9
BRDA:5,0,1,1
BRDA:11,1,0,0
BRDA:11,1,1,9
BRDA:38,2,0,7
BRDA:38,2,1,0
BRF:6
BRH:4
end_of_record
TN:
SF:src\middleware\validation\validation.js
FNF:0
FNH:0
DA:3,5
DA:8,5
DA:13,5
DA:19,5
LF:4
LH:4
BRF:0
BRH:0
end_of_record
TN:
SF:src\middleware\validation\validation.middleware.js
FN:1,(anonymous_0)
FN:1,(anonymous_1)
FNF:2
FNH:2
FNDA:20,(anonymous_0)
FNDA:3,(anonymous_1)
DA:1,20
DA:2,3
DA:3,3
DA:4,0
DA:6,3
LF:5
LH:4
BRDA:3,0,0,0
BRDA:3,0,1,3
BRF:2
BRH:1
end_of_record
TN:
SF:src\models\Blogs.model.js
FNF:0
FNH:0
DA:3,5
DA:32,5
LF:2
LH:2
BRF:0
BRH:0
end_of_record
TN:
SF:src\models\blogLike.model.js
FNF:0
FNH:0
DA:3,5
DA:15,5
LF:2
LH:2
BRF:0
BRH:0
end_of_record
TN:
SF:src\models\comments.model.js
FNF:0
FNH:0
DA:3,5
DA:19,5
LF:2
LH:2
BRF:0
BRH:0
end_of_record
TN:
SF:src\models\queries.model.js
FNF:0
FNH:0
DA:3,5
DA:23,5
LF:2
LH:2
BRF:0
BRH:0
end_of_record
TN:
SF:src\models\users.model.js
FN:27,(anonymous_0)
FN:29,(anonymous_1)
FN:38,(anonymous_2)
FN:48,(anonymous_3)
FNF:4
FNH:1
FNDA:0,(anonymous_0)
FNDA:0,(anonymous_1)
FNDA:5,(anonymous_2)
FNDA:0,(anonymous_3)
DA:4,5
DA:27,5
DA:28,0
DA:29,0
DA:30,0
DA:32,0
DA:33,0
DA:38,5
DA:39,5
DA:40,5
DA:41,5
DA:42,5
DA:44,0
DA:48,5
DA:49,0
DA:50,0
DA:51,0
DA:52,0
DA:53,0
DA:55,0
DA:56,0
DA:60,5
LF:22
LH:9
BRDA:28,0,0,0
BRDA:28,0,1,0
BRDA:30,1,0,0
BRDA:30,1,1,0
BRDA:39,2,0,0
BRDA:39,2,1,5
BRDA:49,3,0,0
BRDA:49,3,1,0
BRDA:52,4,0,0
BRDA:52,4,1,0
BRF:10
BRH:1
end_of_record
TN:
SF:src\routes\auth.routes.js
FNF:0
FNH:0
DA:14,5
DA:16,5
DA:21,5
DA:22,5
LF:4
LH:4
BRF:0
BRH:0
end_of_record
TN:
SF:src\routes\blog.routes.js
FN:20,(anonymous_0)
FNF:1
FNH:1
FNDA:1,(anonymous_0)
DA:18,5
DA:19,5
DA:20,5
DA:21,1
DA:22,1
DA:24,0
DA:27,5
DA:29,5
DA:30,5
DA:35,5
DA:36,5
DA:41,5
DA:42,5
LF:13
LH:12
BRDA:21,0,0,1
BRDA:21,0,1,0
BRF:2
BRH:1
end_of_record
TN:
SF:src\routes\comments.routes.js
FNF:0
FNH:0
DA:10,5
DA:12,5
DA:18,5
LF:3
LH:3
BRF:0
BRH:0
end_of_record
TN:
SF:src\routes\queries.routes.js
FNF:0
FNH:0
DA:10,5
DA:12,5
DA:13,5
LF:3
LH:3
BRF:0
BRH:0
end_of_record
TN:
SF:src\services\auth.service.js
FN:3,(anonymous_0)
FN:8,(anonymous_1)
FN:23,(anonymous_2)
FNF:3
FNH:2
FNDA:14,(anonymous_0)
FNDA:0,(anonymous_1)
FNDA:1,(anonymous_2)
DA:3,5
DA:4,14
DA:5,14
DA:8,5
DA:9,0
DA:14,0
DA:15,0
DA:20,0
DA:23,5
DA:24,1
DA:25,1
LF:11
LH:7
BRF:0
BRH:0
end_of_record
