TN:
SF:index.js
FN:24,(anonymous_0)
FN:37,(anonymous_1)
FN:41,(anonymous_2)
FNF:3
FNH:0
FNDA:0,(anonymous_0)
FNDA:0,(anonymous_1)
FNDA:0,(anonymous_2)
DA:9,5
DA:11,5
DA:17,5
DA:19,5
DA:20,5
DA:21,5
DA:22,5
DA:24,5
DA:25,0
DA:31,5
DA:32,5
DA:33,5
DA:38,0
DA:39,0
DA:42,0
LF:15
LH:11
BRDA:31,0,0,5
BRDA:31,0,1,0
BRF:2
BRH:1
end_of_record
TN:
SF:src\controllers\auth.controller.js
FN:8,(anonymous_0)
FN:38,(anonymous_1)
FN:59,(anonymous_2)
FNF:3
FNH:0
FNDA:0,(anonymous_0)
FNDA:0,(anonymous_1)
FNDA:0,(anonymous_2)
DA:8,5
DA:9,0
DA:11,0
DA:12,0
DA:13,0
DA:14,0
DA:18,0
DA:20,0
DA:22,0
DA:38,5
DA:39,0
DA:41,0
DA:42,0
DA:46,0
DA:47,0
DA:50,0
DA:51,0
DA:53,0
DA:59,5
DA:60,0
DA:61,0
DA:62,0
DA:63,0
DA:64,0
DA:70,0
DA:71,0
DA:72,0
DA:78,0
DA:84,0
DA:87,0
DA:88,0
DA:92,0
LF:32
LH:3
BRDA:13,0,0,0
BRDA:13,0,1,0
BRDA:41,1,0,0
BRDA:41,1,1,0
BRDA:46,2,0,0
BRDA:46,2,1,0
BRDA:63,3,0,0
BRDA:63,3,1,0
BRDA:71,4,0,0
BRDA:71,4,1,0
BRF:10
BRH:0
end_of_record
TN:
SF:src\controllers\blog.controller.js
FN:5,(anonymous_0)
FN:10,(anonymous_1)
FN:30,(anonymous_2)
FN:43,(anonymous_3)
FN:73,(anonymous_4)
FN:106,toggleLike
FNF:6
FNH:0
FNDA:0,(anonymous_0)
FNDA:0,(anonymous_1)
FNDA:0,(anonymous_2)
FNDA:0,(anonymous_3)
FNDA:0,(anonymous_4)
FNDA:0,toggleLike
DA:5,5
DA:6,0
DA:7,0
DA:10,5
DA:11,0
DA:12,0
DA:13,0
DA:14,0
DA:18,0
DA:19,0
DA:20,0
DA:22,0
DA:26,0
DA:30,5
DA:31,0
DA:32,0
DA:33,0
DA:34,0
DA:35,0
DA:37,0
DA:39,0
DA:43,5
DA:44,0
DA:45,0
DA:47,0
DA:48,0
DA:50,0
DA:51,0
DA:53,0
DA:54,0
DA:56,0
DA:57,0
DA:58,0
DA:62,0
DA:64,0
DA:65,0
DA:66,0
DA:68,0
DA:69,0
DA:73,5
DA:74,0
DA:75,0
DA:76,0
DA:77,0
DA:78,0
DA:80,0
DA:82,0
DA:107,0
DA:108,0
DA:109,0
DA:110,0
DA:111,0
DA:112,0
DA:115,0
DA:119,0
DA:120,0
DA:123,0
DA:124,0
DA:126,0
DA:127,0
DA:129,0
DA:131,0
DA:132,0
LF:63
LH:5
BRDA:33,0,0,0
BRDA:33,0,1,0
BRDA:47,1,0,0
BRDA:47,1,1,0
BRDA:50,2,0,0
BRDA:50,2,1,0
BRDA:53,3,0,0
BRDA:53,3,1,0
BRDA:56,4,0,0
BRDA:56,4,1,0
BRDA:76,5,0,0
BRDA:76,5,1,0
BRDA:111,6,0,0
BRDA:111,6,1,0
BRDA:119,7,0,0
BRDA:119,7,1,0
BRF:16
BRH:0
end_of_record
TN:
SF:src\controllers\comment.controller.js
FN:4,(anonymous_0)
FN:16,(anonymous_1)
FN:22,(anonymous_2)
FN:45,getCommentsByBlogId
FNF:4
FNH:0
FNDA:0,(anonymous_0)
FNDA:0,(anonymous_1)
FNDA:0,(anonymous_2)
FNDA:0,getCommentsByBlogId
DA:4,5
DA:5,0
DA:6,0
DA:11,0
DA:12,0
DA:13,0
DA:14,0
DA:17,0
DA:20,0
DA:23,0
DA:25,0
DA:46,0
DA:47,0
DA:48,0
DA:49,0
DA:50,0
DA:52,0
DA:53,0
DA:55,0
DA:56,0
LF:20
LH:1
BRDA:13,0,0,0
BRDA:13,0,1,0
BRDA:49,1,0,0
BRDA:49,1,1,0
BRF:4
BRH:0
end_of_record
TN:
SF:src\controllers\query.controller.js
FN:3,(anonymous_0)
FN:8,(anonymous_1)
FNF:2
FNH:0
FNDA:0,(anonymous_0)
FNDA:0,(anonymous_1)
DA:3,5
DA:4,0
DA:5,0
DA:8,5
DA:9,0
DA:14,0
DA:15,0
LF:7
LH:2
BRF:0
BRH:0
end_of_record
TN:
SF:src\imageUpload\imageUpload.js
FNF:0
FNH:0
DA:3,5
DA:5,5
LF:2
LH:2
BRF:0
BRH:0
end_of_record
TN:
SF:src\middleware\authentication\auth.middleware.js
FN:4,(anonymous_0)
FN:36,(anonymous_1)
FNF:2
FNH:0
FNDA:0,(anonymous_0)
FNDA:0,(anonymous_1)
DA:4,5
DA:5,0
DA:6,0
DA:7,0
DA:8,0
DA:9,0
DA:10,0
DA:11,0
DA:12,0
DA:18,0
DA:19,0
DA:22,0
DA:29,0
DA:36,5
DA:37,0
DA:38,0
DA:39,0
DA:40,0
DA:42,0
DA:44,0
DA:51,0
LF:21
LH:2
BRDA:5,0,0,0
BRDA:5,0,1,0
BRDA:11,1,0,0
BRDA:11,1,1,0
BRDA:38,2,0,0
BRDA:38,2,1,0
BRF:6
BRH:0
end_of_record
TN:
SF:src\middleware\validation\validation.js
FNF:0
FNH:0
DA:3,5
DA:8,5
DA:13,5
DA:19,5
LF:4
LH:4
BRF:0
BRH:0
end_of_record
TN:
SF:src\middleware\validation\validation.middleware.js
FN:1,(anonymous_0)
FN:1,(anonymous_1)
FNF:2
FNH:1
FNDA:20,(anonymous_0)
FNDA:0,(anonymous_1)
DA:1,20
DA:2,0
DA:3,0
DA:4,0
DA:6,0
LF:5
LH:1
BRDA:3,0,0,0
BRDA:3,0,1,0
BRF:2
BRH:0
end_of_record
TN:
SF:src\models\Blogs.model.js
FNF:0
FNH:0
DA:3,5
DA:32,5
LF:2
LH:2
BRF:0
BRH:0
end_of_record
TN:
SF:src\models\blogLike.model.js
FNF:0
FNH:0
DA:3,5
DA:15,5
LF:2
LH:2
BRF:0
BRH:0
end_of_record
TN:
SF:src\models\comments.model.js
FNF:0
FNH:0
DA:3,5
DA:19,5
LF:2
LH:2
BRF:0
BRH:0
end_of_record
TN:
SF:src\models\queries.model.js
FNF:0
FNH:0
DA:3,5
DA:23,5
LF:2
LH:2
BRF:0
BRH:0
end_of_record
TN:
SF:src\models\users.model.js
FN:27,(anonymous_0)
FN:29,(anonymous_1)
FN:38,(anonymous_2)
FN:48,(anonymous_3)
FNF:4
FNH:0
FNDA:0,(anonymous_0)
FNDA:0,(anonymous_1)
FNDA:0,(anonymous_2)
FNDA:0,(anonymous_3)
DA:4,5
DA:27,5
DA:28,0
DA:29,0
DA:30,0
DA:32,0
DA:33,0
DA:38,5
DA:39,0
DA:40,0
DA:41,0
DA:42,0
DA:44,0
DA:48,5
DA:49,0
DA:50,0
DA:51,0
DA:52,0
DA:53,0
DA:55,0
DA:56,0
DA:60,5
LF:22
LH:5
BRDA:28,0,0,0
BRDA:28,0,1,0
BRDA:30,1,0,0
BRDA:30,1,1,0
BRDA:39,2,0,0
BRDA:39,2,1,0
BRDA:49,3,0,0
BRDA:49,3,1,0
BRDA:52,4,0,0
BRDA:52,4,1,0
BRF:10
BRH:0
end_of_record
TN:
SF:src\routes\auth.routes.js
FNF:0
FNH:0
DA:14,5
DA:16,5
DA:21,5
DA:22,5
LF:4
LH:4
BRF:0
BRH:0
end_of_record
TN:
SF:src\routes\blog.routes.js
FN:20,(anonymous_0)
FNF:1
FNH:0
FNDA:0,(anonymous_0)
DA:18,5
DA:19,5
DA:20,5
DA:21,0
DA:22,0
DA:24,0
DA:27,5
DA:29,5
DA:30,5
DA:35,5
DA:36,5
DA:41,5
DA:42,5
LF:13
LH:10
BRDA:21,0,0,0
BRDA:21,0,1,0
BRF:2
BRH:0
end_of_record
TN:
SF:src\routes\comments.routes.js
FNF:0
FNH:0
DA:10,5
DA:12,5
DA:18,5
LF:3
LH:3
BRF:0
BRH:0
end_of_record
TN:
SF:src\routes\queries.routes.js
FNF:0
FNH:0
DA:10,5
DA:12,5
DA:13,5
LF:3
LH:3
BRF:0
BRH:0
end_of_record
TN:
SF:src\services\auth.service.js
FN:3,(anonymous_0)
FN:8,(anonymous_1)
FN:23,(anonymous_2)
FNF:3
FNH:0
FNDA:0,(anonymous_0)
FNDA:0,(anonymous_1)
FNDA:0,(anonymous_2)
DA:3,5
DA:4,0
DA:5,0
DA:8,5
DA:9,0
DA:14,0
DA:15,0
DA:20,0
DA:23,5
DA:24,0
DA:25,0
LF:11
LH:3
BRF:0
BRH:0
end_of_record
